0 verbose cli B:\nodejs\node.exe C:\Users\movka\AppData\Roaming\npm\node_modules\npm\bin\npm-cli.js
1 info using npm@11.6.0
2 info using node@v22.18.0
3 silly config load:file:C:\Users\movka\AppData\Roaming\npm\node_modules\npm\npmrc
4 silly config load:file:a:\1.JS\architectur\ulbi\project\.npmrc
5 silly config load:file:C:\Users\movka\.npmrc
6 silly config load:file:C:\Users\movka\AppData\Roaming\npm\etc\npmrc
7 verbose title npm view @testing-library/react description dist-tags.latest homepage version time
8 verbose argv "view" "--json" "--" "@testing-library/react" "description" "dist-tags.latest" "homepage" "version" "time"
9 verbose logfile logs-max:10 dir:A:\1.JS\architectur\ulbi\project\npm-cache\_logs\2025-12-20T16_32_57_680Z-
10 verbose logfile A:\1.JS\architectur\ulbi\project\npm-cache\_logs\2025-12-20T16_32_57_680Z-debug-0.log
11 silly logfile start cleaning logs, removing 1 files
12 silly logfile done cleaning log files
13 http fetch GET 200 https://registry.npmjs.org/@testing-library%2freact 11575ms (cache revalidated)
14 verbose cwd a:\1.JS\architectur\ulbi\project
15 verbose os Windows_NT 10.0.26100
16 verbose node v22.18.0
17 verbose npm  v11.6.0
18 verbose exit 0
19 info ok
