0 verbose cli B:\nodejs\node.exe C:\Users\movka\AppData\Roaming\npm\node_modules\npm\bin\npm-cli.js
1 info using npm@11.6.0
2 info using node@v22.18.0
3 silly config load:file:C:\Users\movka\AppData\Roaming\npm\node_modules\npm\npmrc
4 silly config load:file:A:\1.JS\architectur\ulbi\project\.npmrc
5 silly config load:file:C:\Users\movka\.npmrc
6 silly config load:file:C:\Users\movka\AppData\Roaming\npm\etc\npmrc
7 verbose title npm i regenerator-runtime@0.13.9
8 verbose argv "i" "--save-dev" "regenerator-runtime@0.13.9"
9 verbose logfile logs-max:10 dir:A:\1.JS\architectur\ulbi\project\npm-cache\_logs\2025-12-20T17_15_04_462Z-
10 verbose logfile A:\1.JS\architectur\ulbi\project\npm-cache\_logs\2025-12-20T17_15_04_462Z-debug-0.log
11 silly logfile start cleaning logs, removing 1 files
12 silly packumentCache heap:4345298944 maxSize:1086324736 maxEntrySize:543162368
13 silly logfile done cleaning log files
14 silly idealTree buildDeps
15 silly fetch manifest regenerator-runtime@0.13.9
16 silly packumentCache full:https://registry.npmjs.org/regenerator-runtime cache-miss
17 http fetch GET 200 https://registry.npmjs.org/regenerator-runtime 765ms (cache miss)
18 silly packumentCache full:https://registry.npmjs.org/regenerator-runtime set size:undefined disposed:false
19 silly placeDep ROOT regenerator-runtime@0.13.9 OK for: project@1.0.0 want: 0.13.9
20 silly reify moves {}
21 silly audit bulk request {
21 silly audit   '@adobe/css-tools': [ '4.4.4' ],
21 silly audit   '@asamuzakjp/css-color': [ '3.2.0' ],
21 silly audit   'lru-cache': [ '10.4.3', '5.1.1' ],
21 silly audit   '@babel/cli': [ '7.28.3' ],
21 silly audit   commander: [ '6.2.1', '2.20.3', '8.3.0', '7.2.0' ],
21 silly audit   slash: [ '2.0.0', '3.0.0', '1.0.0' ],
21 silly audit   '@babel/code-frame': [ '7.27.1', '7.5.5' ],
21 silly audit   '@babel/compat-data': [ '7.28.5' ],
21 silly audit   '@babel/core': [ '7.28.5' ],
21 silly audit   '@babel/generator': [ '7.28.5' ],
21 silly audit   '@babel/helper-annotate-as-pure': [ '7.27.3' ],
21 silly audit   '@babel/helper-compilation-targets': [ '7.27.2' ],
21 silly audit   '@babel/helper-create-class-features-plugin': [ '7.28.5' ],
21 silly audit   '@babel/helper-create-regexp-features-plugin': [ '7.28.5' ],
21 silly audit   '@babel/helper-define-polyfill-provider': [ '0.6.5' ],
21 silly audit   '@babel/helper-globals': [ '7.28.0' ],
21 silly audit   '@babel/helper-member-expression-to-functions': [ '7.28.5' ],
21 silly audit   '@babel/helper-module-imports': [ '7.27.1' ],
21 silly audit   '@babel/helper-module-transforms': [ '7.28.3' ],
21 silly audit   '@babel/helper-optimise-call-expression': [ '7.27.1' ],
21 silly audit   '@babel/helper-plugin-utils': [ '7.27.1' ],
21 silly audit   '@babel/helper-remap-async-to-generator': [ '7.27.1' ],
21 silly audit   '@babel/helper-replace-supers': [ '7.27.1' ],
21 silly audit   '@babel/helper-skip-transparent-expression-wrappers': [ '7.27.1' ],
21 silly audit   '@babel/helper-string-parser': [ '7.27.1' ],
21 silly audit   '@babel/helper-validator-identifier': [ '7.28.5' ],
21 silly audit   '@babel/helper-validator-option': [ '7.27.1' ],
21 silly audit   '@babel/helper-wrap-function': [ '7.28.3' ],
21 silly audit   '@babel/helpers': [ '7.28.4' ],
21 silly audit   '@babel/highlight': [ '7.25.9' ],
21 silly audit   'ansi-styles': [ '3.2.1', '6.2.3', '5.2.0', '4.3.0', '2.2.1' ],
21 silly audit   chalk: [ '2.4.2', '3.0.0', '1.1.3', '4.1.2' ],
21 silly audit   'color-convert': [ '1.9.3', '2.0.1' ],
21 silly audit   'color-name': [ '1.1.3', '1.1.4' ],
21 silly audit   'has-flag': [ '3.0.0', '4.0.0' ],
21 silly audit   'supports-color': [ '5.5.0', '7.2.0', '2.0.0', '8.1.1' ],
21 silly audit   '@babel/parser': [ '7.28.5' ],
21 silly audit   '@babel/plugin-bugfix-firefox-class-in-computed-class-key': [ '7.28.5' ],
21 silly audit   '@babel/plugin-bugfix-safari-class-field-initializer-scope': [ '7.27.1' ],
21 silly audit   '@babel/plugin-bugfix-safari-id-destructuring-collision-in-function-expression': [ '7.27.1' ],
21 silly audit   '@babel/plugin-bugfix-v8-spread-parameters-in-optional-chaining': [ '7.27.1' ],
21 silly audit   '@babel/plugin-bugfix-v8-static-class-fields-redefine-readonly': [ '7.28.3' ],
21 silly audit   '@babel/plugin-proposal-private-property-in-object': [ '7.21.0-placeholder-for-preset-env.2' ],
21 silly audit   '@babel/plugin-syntax-async-generators': [ '7.8.4' ],
21 silly audit   '@babel/plugin-syntax-bigint': [ '7.8.3' ],
21 silly audit   '@babel/plugin-syntax-class-properties': [ '7.12.13' ],
21 silly audit   '@babel/plugin-syntax-class-static-block': [ '7.14.5' ],
21 silly audit   '@babel/plugin-syntax-import-assertions': [ '7.27.1' ],
21 silly audit   '@babel/plugin-syntax-import-attributes': [ '7.27.1' ],
21 silly audit   '@babel/plugin-syntax-import-meta': [ '7.10.4' ],
21 silly audit   '@babel/plugin-syntax-json-strings': [ '7.8.3' ],
21 silly audit   '@babel/plugin-syntax-jsx': [ '7.27.1' ],
21 silly audit   '@babel/plugin-syntax-logical-assignment-operators': [ '7.10.4' ],
21 silly audit   '@babel/plugin-syntax-nullish-coalescing-operator': [ '7.8.3' ],
21 silly audit   '@babel/plugin-syntax-numeric-separator': [ '7.10.4' ],
21 silly audit   '@babel/plugin-syntax-object-rest-spread': [ '7.8.3' ],
21 silly audit   '@babel/plugin-syntax-optional-catch-binding': [ '7.8.3' ],
21 silly audit   '@babel/plugin-syntax-optional-chaining': [ '7.8.3' ],
21 silly audit   '@babel/plugin-syntax-private-property-in-object': [ '7.14.5' ],
21 silly audit   '@babel/plugin-syntax-top-level-await': [ '7.14.5' ],
21 silly audit   '@babel/plugin-syntax-typescript': [ '7.27.1' ],
21 silly audit   '@babel/plugin-syntax-unicode-sets-regex': [ '7.18.6' ],
21 silly audit   '@babel/plugin-transform-arrow-functions': [ '7.27.1' ],
21 silly audit   '@babel/plugin-transform-async-generator-functions': [ '7.28.0' ],
21 silly audit   '@babel/plugin-transform-async-to-generator': [ '7.27.1' ],
21 silly audit   '@babel/plugin-transform-block-scoped-functions': [ '7.27.1' ],
21 silly audit   '@babel/plugin-transform-block-scoping': [ '7.28.5' ],
21 silly audit   '@babel/plugin-transform-class-properties': [ '7.27.1' ],
21 silly audit   '@babel/plugin-transform-class-static-block': [ '7.28.3' ],
21 silly audit   '@babel/plugin-transform-classes': [ '7.28.4' ],
21 silly audit   '@babel/plugin-transform-computed-properties': [ '7.27.1' ],
21 silly audit   '@babel/plugin-transform-destructuring': [ '7.28.5' ],
21 silly audit   '@babel/plugin-transform-dotall-regex': [ '7.27.1' ],
21 silly audit   '@babel/plugin-transform-duplicate-keys': [ '7.27.1' ],
21 silly audit   '@babel/plugin-transform-duplicate-named-capturing-groups-regex': [ '7.27.1' ],
21 silly audit   '@babel/plugin-transform-dynamic-import': [ '7.27.1' ],
21 silly audit   '@babel/plugin-transform-explicit-resource-management': [ '7.28.0' ],
21 silly audit   '@babel/plugin-transform-exponentiation-operator': [ '7.28.5' ],
21 silly audit   '@babel/plugin-transform-export-namespace-from': [ '7.27.1' ],
21 silly audit   '@babel/plugin-transform-for-of': [ '7.27.1' ],
21 silly audit   '@babel/plugin-transform-function-name': [ '7.27.1' ],
21 silly audit   '@babel/plugin-transform-json-strings': [ '7.27.1' ],
21 silly audit   '@babel/plugin-transform-literals': [ '7.27.1' ],
21 silly audit   '@babel/plugin-transform-logical-assignment-operators': [ '7.28.5' ],
21 silly audit   '@babel/plugin-transform-member-expression-literals': [ '7.27.1' ],
21 silly audit   '@babel/plugin-transform-modules-amd': [ '7.27.1' ],
21 silly audit   '@babel/plugin-transform-modules-commonjs': [ '7.27.1' ],
21 silly audit   '@babel/plugin-transform-modules-systemjs': [ '7.28.5' ],
21 silly audit   '@babel/plugin-transform-modules-umd': [ '7.27.1' ],
21 silly audit   '@babel/plugin-transform-named-capturing-groups-regex': [ '7.27.1' ],
21 silly audit   '@babel/plugin-transform-new-target': [ '7.27.1' ],
21 silly audit   '@babel/plugin-transform-nullish-coalescing-operator': [ '7.27.1' ],
21 silly audit   '@babel/plugin-transform-numeric-separator': [ '7.27.1' ],
21 silly audit   '@babel/plugin-transform-object-rest-spread': [ '7.28.4' ],
21 silly audit   '@babel/plugin-transform-object-super': [ '7.27.1' ],
21 silly audit   '@babel/plugin-transform-optional-catch-binding': [ '7.27.1' ],
21 silly audit   '@babel/plugin-transform-optional-chaining': [ '7.28.5' ],
21 silly audit   '@babel/plugin-transform-parameters': [ '7.27.7' ],
21 silly audit   '@babel/plugin-transform-private-methods': [ '7.27.1' ],
21 silly audit   '@babel/plugin-transform-private-property-in-object': [ '7.27.1' ],
21 silly audit   '@babel/plugin-transform-property-literals': [ '7.27.1' ],
21 silly audit   '@babel/plugin-transform-react-constant-elements': [ '7.27.1' ],
21 silly audit   '@babel/plugin-transform-react-display-name': [ '7.28.0' ],
21 silly audit   '@babel/plugin-transform-react-jsx': [ '7.27.1' ],
21 silly audit   '@babel/plugin-transform-react-jsx-development': [ '7.27.1' ],
21 silly audit   '@babel/plugin-transform-react-pure-annotations': [ '7.27.1' ],
21 silly audit   '@babel/plugin-transform-regenerator': [ '7.28.4' ],
21 silly audit   '@babel/plugin-transform-regexp-modifiers': [ '7.27.1' ],
21 silly audit   '@babel/plugin-transform-reserved-words': [ '7.27.1' ],
21 silly audit   '@babel/plugin-transform-shorthand-properties': [ '7.27.1' ],
21 silly audit   '@babel/plugin-transform-spread': [ '7.27.1' ],
21 silly audit   '@babel/plugin-transform-sticky-regex': [ '7.27.1' ],
21 silly audit   '@babel/plugin-transform-template-literals': [ '7.27.1' ],
21 silly audit   '@babel/plugin-transform-typeof-symbol': [ '7.27.1' ],
21 silly audit   '@babel/plugin-transform-typescript': [ '7.28.5' ],
21 silly audit   '@babel/plugin-transform-unicode-escapes': [ '7.27.1' ],
21 silly audit   '@babel/plugin-transform-unicode-property-regex': [ '7.27.1' ],
21 silly audit   '@babel/plugin-transform-unicode-regex': [ '7.27.1' ],
21 silly audit   '@babel/plugin-transform-unicode-sets-regex': [ '7.27.1' ],
21 silly audit   '@babel/preset-env': [ '7.28.5' ],
21 silly audit   '@babel/preset-modules': [ '0.1.6-no-external-plugins' ],
21 silly audit   '@babel/preset-react': [ '7.28.5' ],
21 silly audit   '@babel/preset-typescript': [ '7.28.5' ],
21 silly audit   '@babel/runtime': [ '7.28.4' ],
21 silly audit   '@babel/template': [ '7.27.2' ],
21 silly audit   '@babel/traverse': [ '7.28.5' ],
21 silly audit   '@babel/types': [ '7.28.5', '7.28.0' ],
21 silly audit   '@bcoe/v8-coverage': [ '0.2.3' ],
21 silly audit   '@cacheable/memory': [ '2.0.6' ],
21 silly audit   '@keyv/bigmap': [ '1.3.0' ],
21 silly audit   keyv: [ '5.5.4', '4.5.4' ],
21 silly audit   '@cacheable/utils': [ '2.3.2' ],
21 silly audit   '@cspotcode/source-map-support': [ '0.8.1' ],
21 silly audit   '@jridgewell/trace-mapping': [ '0.3.9', '0.3.31' ],
21 silly audit   '@csstools/color-helpers': [ '5.1.0' ],
21 silly audit   '@csstools/css-calc': [ '2.1.4' ],
21 silly audit   '@csstools/css-color-parser': [ '3.1.0' ],
21 silly audit   '@csstools/css-parser-algorithms': [ '3.0.5' ],
21 silly audit   '@csstools/css-syntax-patches-for-csstree': [ '1.0.20' ],
21 silly audit   '@csstools/css-tokenizer': [ '3.0.4' ],
21 silly audit   '@csstools/media-query-list-parser': [ '4.0.3' ],
21 silly audit   '@csstools/selector-specificity': [ '5.0.0' ],
21 silly audit   '@discoveryjs/json-ext': [ '0.5.7' ],
21 silly audit   '@dual-bundle/import-meta-resolve': [ '4.2.1' ],
21 silly audit   '@emnapi/core': [ '1.7.1' ],
21 silly audit   '@emnapi/runtime': [ '1.7.1' ],
21 silly audit   '@emnapi/wasi-threads': [ '1.1.0' ],
21 silly audit   '@eslint-community/eslint-utils': [ '4.9.0' ],
21 silly audit   'eslint-visitor-keys': [ '3.4.3', '4.2.1' ],
21 silly audit   '@eslint-community/regexpp': [ '4.12.2' ],
21 silly audit   '@eslint/config-array': [ '0.21.1' ],
21 silly audit   '@eslint/config-helpers': [ '0.4.2' ],
21 silly audit   '@eslint/core': [ '0.17.0' ],
21 silly audit   '@eslint/eslintrc': [ '3.3.3' ],
21 silly audit   ajv: [ '6.12.6', '8.17.1' ],
21 silly audit   globals: [ '14.0.0', '16.5.0' ],
21 silly audit   ignore: [ '5.3.2', '7.0.5', '3.3.10' ],
21 silly audit   'json-schema-traverse': [ '0.4.1', '1.0.0' ],
21 silly audit   '@eslint/js': [ '9.39.1' ],
21 silly audit   '@eslint/object-schema': [ '2.1.7' ],
21 silly audit   '@eslint/plugin-kit': [ '0.4.1' ],
21 silly audit   '@humanfs/core': [ '0.19.1' ],
21 silly audit   '@humanfs/node': [ '0.16.7' ],
21 silly audit   '@humanwhocodes/module-importer': [ '1.0.1' ],
21 silly audit   '@humanwhocodes/retry': [ '0.4.3' ],
21 silly audit   '@isaacs/cliui': [ '8.0.2' ],
21 silly audit   'ansi-regex': [ '6.2.2', '5.0.1', '2.1.1', '4.1.1', '3.0.1' ],
21 silly audit   'emoji-regex': [ '9.2.2', '8.0.0' ],
21 silly audit   'string-width': [ '5.1.2', '4.2.3', '2.1.1' ],
21 silly audit   'strip-ansi': [ '7.1.2', '3.0.1', '5.2.0', '4.0.0', '6.0.1' ],
21 silly audit   'wrap-ansi': [ '8.1.0', '7.0.0' ],
21 silly audit   '@istanbuljs/load-nyc-config': [ '1.1.0' ],
21 silly audit   argparse: [ '1.0.10', '2.0.1' ],
21 silly audit   camelcase: [ '5.3.1', '6.3.0' ],
21 silly audit   'js-yaml': [ '3.14.2', '4.1.1' ],
21 silly audit   '@istanbuljs/schema': [ '0.1.3' ],
21 silly audit   '@jest/console': [ '30.2.0' ],
21 silly audit   '@jest/core': [ '30.2.0' ],
21 silly audit   'ansi-escapes': [ '4.3.2', '3.2.0' ],
21 silly audit   '@jest/diff-sequences': [ '30.0.1' ],
21 silly audit   '@jest/environment': [ '30.2.0' ],
21 silly audit   '@jest/environment-jsdom-abstract': [ '30.2.0' ],
21 silly audit   '@jest/expect': [ '30.2.0' ],
21 silly audit   '@jest/expect-utils': [ '30.2.0' ],
21 silly audit   '@jest/fake-timers': [ '30.2.0' ],
21 silly audit   '@jest/get-type': [ '30.1.0' ],
21 silly audit   '@jest/globals': [ '30.2.0' ],
21 silly audit   '@jest/pattern': [ '30.0.1' ],
21 silly audit   '@jest/reporters': [ '30.2.0' ],
21 silly audit   'brace-expansion': [ '2.0.2', '1.1.12' ],
21 silly audit   glob: [ '10.5.0', '7.2.3' ],
21 silly audit   'jest-worker': [ '30.2.0', '27.5.1' ],
21 silly audit   minimatch: [ '9.0.5', '3.1.2', '3.0.4' ],
21 silly audit   '@jest/schemas': [ '30.0.5' ],
21 silly audit   '@jest/snapshot-utils': [ '30.2.0' ],
21 silly audit   '@jest/source-map': [ '30.0.1' ],
21 silly audit   '@jest/test-result': [ '30.2.0' ],
21 silly audit   '@jest/test-sequencer': [ '30.2.0' ],
21 silly audit   '@jest/transform': [ '30.2.0' ],
21 silly audit   '@jest/types': [ '30.2.0' ],
21 silly audit   '@jridgewell/gen-mapping': [ '0.3.13' ],
21 silly audit   '@jridgewell/remapping': [ '2.3.5' ],
21 silly audit   '@jridgewell/resolve-uri': [ '3.1.2' ],
21 silly audit   '@jridgewell/source-map': [ '0.3.11' ],
21 silly audit   '@jridgewell/sourcemap-codec': [ '1.5.5' ],
21 silly audit   '@keyv/serialize': [ '1.1.1' ],
21 silly audit   '@leichtgewicht/ip-codec': [ '2.0.5' ],
21 silly audit   '@mrmlnc/readdir-enhanced': [ '2.2.1' ],
21 silly audit   'glob-to-regexp': [ '0.3.0', '0.4.1' ],
21 silly audit   '@napi-rs/wasm-runtime': [ '0.2.12' ],
21 silly audit   '@nicolo-ribaudo/chokidar-2': [ '2.1.8-no-fsevents.3' ],
21 silly audit   '@nodelib/fs.scandir': [ '2.1.5' ],
21 silly audit   '@nodelib/fs.stat': [ '2.0.5', '1.1.3' ],
21 silly audit   '@nodelib/fs.walk': [ '1.2.8' ],
21 silly audit   '@parcel/watcher': [ '2.5.1' ],
21 silly audit   '@parcel/watcher-android-arm64': [ '2.5.1' ],
21 silly audit   '@parcel/watcher-darwin-arm64': [ '2.5.1' ],
21 silly audit   '@parcel/watcher-darwin-x64': [ '2.5.1' ],
21 silly audit   '@parcel/watcher-freebsd-x64': [ '2.5.1' ],
21 silly audit   '@parcel/watcher-linux-arm-glibc': [ '2.5.1' ],
21 silly audit   '@parcel/watcher-linux-arm-musl': [ '2.5.1' ],
21 silly audit   '@parcel/watcher-linux-arm64-glibc': [ '2.5.1' ],
21 silly audit   '@parcel/watcher-linux-arm64-musl': [ '2.5.1' ],
21 silly audit   '@parcel/watcher-linux-x64-glibc': [ '2.5.1' ],
21 silly audit   '@parcel/watcher-linux-x64-musl': [ '2.5.1' ],
21 silly audit   '@parcel/watcher-win32-arm64': [ '2.5.1' ],
21 silly audit   '@parcel/watcher-win32-ia32': [ '2.5.1' ],
21 silly audit   '@parcel/watcher-win32-x64': [ '2.5.1' ],
21 silly audit   '@pkgjs/parseargs': [ '0.11.0' ],
21 silly audit   '@pkgr/core': [ '0.2.9' ],
21 silly audit   '@polka/url': [ '1.0.0-next.29' ],
21 silly audit   '@sinclair/typebox': [ '0.34.41' ],
21 silly audit   '@sinonjs/commons': [ '3.0.1' ],
21 silly audit   '@sinonjs/fake-timers': [ '13.0.5' ],
21 silly audit   '@svgr/babel-plugin-add-jsx-attribute': [ '8.0.0' ],
21 silly audit   '@svgr/babel-plugin-remove-jsx-attribute': [ '8.0.0' ],
21 silly audit   '@svgr/babel-plugin-remove-jsx-empty-expression': [ '8.0.0' ],
21 silly audit   '@svgr/babel-plugin-replace-jsx-attribute-value': [ '8.0.0' ],
21 silly audit   '@svgr/babel-plugin-svg-dynamic-title': [ '8.0.0' ],
21 silly audit   '@svgr/babel-plugin-svg-em-dimensions': [ '8.0.0' ],
21 silly audit   '@svgr/babel-plugin-transform-react-native-svg': [ '8.1.0' ],
21 silly audit   '@svgr/babel-plugin-transform-svg-component': [ '8.0.0' ],
21 silly audit   '@svgr/babel-preset': [ '8.1.0' ],
21 silly audit   '@svgr/core': [ '8.1.0' ],
21 silly audit   '@svgr/hast-util-to-babel-ast': [ '8.0.0' ],
21 silly audit   entities: [ '4.5.0', '2.2.0', '6.0.1' ],
21 silly audit   '@svgr/plugin-jsx': [ '8.1.0' ],
21 silly audit   '@svgr/plugin-svgo': [ '8.1.0' ],
21 silly audit   '@svgr/webpack': [ '8.1.0' ],
21 silly audit   '@testing-library/dom': [ '10.4.1', '8.20.1' ],
21 silly audit   'pretty-format': [ '27.5.1', '30.2.0' ],
21 silly audit   'react-is': [ '17.0.2', '18.3.1', '16.13.1' ],
21 silly audit   '@testing-library/jest-dom': [ '5.17.0' ],
21 silly audit   '@testing-library/react': [ '12.1.5' ],
21 silly audit   'aria-query': [ '5.1.3', '5.3.0' ],
21 silly audit   '@trysound/sax': [ '0.2.0' ],
21 silly audit   '@tsconfig/node10': [ '1.0.12' ],
21 silly audit   '@tsconfig/node12': [ '1.0.11' ],
21 silly audit   '@tsconfig/node14': [ '1.0.3' ],
21 silly audit   '@tsconfig/node16': [ '1.0.4' ],
21 silly audit   '@tybys/wasm-util': [ '0.10.1' ],
21 silly audit   '@types/aria-query': [ '5.0.4' ],
21 silly audit   '@types/babel__core': [ '7.20.5' ],
21 silly audit   '@types/babel__generator': [ '7.27.0' ],
21 silly audit   '@types/babel__template': [ '7.4.4' ],
21 silly audit   '@types/babel__traverse': [ '7.28.0' ],
21 silly audit   '@types/body-parser': [ '1.19.6' ],
21 silly audit   '@types/bonjour': [ '3.5.13' ],
21 silly audit   '@types/connect': [ '3.4.38' ],
21 silly audit   '@types/connect-history-api-fallback': [ '1.5.4' ],
21 silly audit   '@types/eslint': [ '9.6.1' ],
21 silly audit   '@types/eslint-scope': [ '3.7.7' ],
21 silly audit   '@types/estree': [ '1.0.8' ],
21 silly audit   '@types/express': [ '4.17.25' ],
21 silly audit   '@types/express-serve-static-core': [ '5.1.0', '4.19.7' ],
21 silly audit   '@types/history': [ '4.7.11' ],
21 silly audit   '@types/html-minifier-terser': [ '6.1.0' ],
21 silly audit   '@types/http-errors': [ '2.0.5' ],
21 silly audit   '@types/http-proxy': [ '1.17.17' ],
21 silly audit   '@types/istanbul-lib-coverage': [ '2.0.6' ],
21 silly audit   '@types/istanbul-lib-report': [ '3.0.3' ],
21 silly audit   '@types/istanbul-reports': [ '3.0.4' ],
21 silly audit   '@types/jest': [ '30.0.0' ],
21 silly audit   '@types/jsdom': [ '21.1.7' ],
21 silly audit   '@types/json-schema': [ '7.0.15' ],
21 silly audit   '@types/mime': [ '1.3.5' ],
21 silly audit   '@types/node': [ '24.10.1' ],
21 silly audit   '@types/node-forge': [ '1.3.14' ],
21 silly audit   '@types/prop-types': [ '15.7.15' ],
21 silly audit   '@types/qs': [ '6.14.0' ],
21 silly audit   '@types/range-parser': [ '1.2.7' ],
21 silly audit   '@types/react': [ '17.0.39' ],
21 silly audit   '@types/react-dom': [ '17.0.11' ],
21 silly audit   '@types/react-router': [ '5.1.20' ],
21 silly audit   '@types/react-router-dom': [ '5.3.3' ],
21 silly audit   '@types/retry': [ '0.12.0' ],
21 silly audit   '@types/scheduler': [ '0.26.0' ],
21 silly audit   '@types/send': [ '1.2.1', '0.17.6' ],
21 silly audit   '@types/serve-index': [ '1.9.4' ],
21 silly audit   '@types/serve-static': [ '1.15.10' ],
21 silly audit   '@types/sockjs': [ '0.3.36' ],
21 silly audit   '@types/stack-utils': [ '2.0.3' ],
21 silly audit   '@types/testing-library__jest-dom': [ '5.14.9' ],
21 silly audit   '@types/tough-cookie': [ '4.0.5' ],
21 silly audit   '@types/webpack': [ '5.28.5' ],
21 silly audit   '@types/webpack-bundle-analyzer': [ '4.7.0' ],
21 silly audit   '@types/webpack-dev-server': [ '4.7.2' ],
21 silly audit   '@types/ws': [ '8.18.1' ],
21 silly audit   '@types/yargs': [ '17.0.35' ],
21 silly audit   '@types/yargs-parser': [ '21.0.3' ],
21 silly audit   '@typescript-eslint/eslint-plugin': [ '8.48.1' ],
21 silly audit   '@typescript-eslint/parser': [ '8.48.1' ],
21 silly audit   '@typescript-eslint/project-service': [ '8.48.1' ],
21 silly audit   '@typescript-eslint/scope-manager': [ '8.48.1' ],
21 silly audit   '@typescript-eslint/tsconfig-utils': [ '8.48.1' ],
21 silly audit   '@typescript-eslint/type-utils': [ '8.48.1' ],
21 silly audit   '@typescript-eslint/types': [ '8.48.1' ],
21 silly audit   '@typescript-eslint/typescript-estree': [ '8.48.1' ],
21 silly audit   semver: [ '7.7.3', '5.7.2', '6.3.1' ],
21 silly audit   '@typescript-eslint/utils': [ '8.48.1' ],
21 silly audit   '@typescript-eslint/visitor-keys': [ '8.48.1' ],
21 silly audit   '@ungap/structured-clone': [ '1.3.0' ],
21 silly audit   '@unrs/resolver-binding-android-arm-eabi': [ '1.11.1' ],
21 silly audit   '@unrs/resolver-binding-android-arm64': [ '1.11.1' ],
21 silly audit   '@unrs/resolver-binding-darwin-arm64': [ '1.11.1' ],
21 silly audit   '@unrs/resolver-binding-darwin-x64': [ '1.11.1' ],
21 silly audit   '@unrs/resolver-binding-freebsd-x64': [ '1.11.1' ],
21 silly audit   '@unrs/resolver-binding-linux-arm-gnueabihf': [ '1.11.1' ],
21 silly audit   '@unrs/resolver-binding-linux-arm-musleabihf': [ '1.11.1' ],
21 silly audit   '@unrs/resolver-binding-linux-arm64-gnu': [ '1.11.1' ],
21 silly audit   '@unrs/resolver-binding-linux-arm64-musl': [ '1.11.1' ],
21 silly audit   '@unrs/resolver-binding-linux-ppc64-gnu': [ '1.11.1' ],
21 silly audit   '@unrs/resolver-binding-linux-riscv64-gnu': [ '1.11.1' ],
21 silly audit   '@unrs/resolver-binding-linux-riscv64-musl': [ '1.11.1' ],
21 silly audit   '@unrs/resolver-binding-linux-s390x-gnu': [ '1.11.1' ],
21 silly audit   '@unrs/resolver-binding-linux-x64-gnu': [ '1.11.1' ],
21 silly audit   '@unrs/resolver-binding-linux-x64-musl': [ '1.11.1' ],
21 silly audit   '@unrs/resolver-binding-wasm32-wasi': [ '1.11.1' ],
21 silly audit   '@unrs/resolver-binding-win32-arm64-msvc': [ '1.11.1' ],
21 silly audit   '@unrs/resolver-binding-win32-ia32-msvc': [ '1.11.1' ],
21 silly audit   '@unrs/resolver-binding-win32-x64-msvc': [ '1.11.1' ],
21 silly audit   '@webassemblyjs/ast': [ '1.14.1' ],
21 silly audit   '@webassemblyjs/floating-point-hex-parser': [ '1.13.2' ],
21 silly audit   '@webassemblyjs/helper-api-error': [ '1.13.2' ],
21 silly audit   '@webassemblyjs/helper-buffer': [ '1.14.1' ],
21 silly audit   '@webassemblyjs/helper-numbers': [ '1.13.2' ],
21 silly audit   '@webassemblyjs/helper-wasm-bytecode': [ '1.13.2' ],
21 silly audit   '@webassemblyjs/helper-wasm-section': [ '1.14.1' ],
21 silly audit   '@webassemblyjs/ieee754': [ '1.13.2' ],
21 silly audit   '@webassemblyjs/leb128': [ '1.13.2' ],
21 silly audit   '@webassemblyjs/utf8': [ '1.13.2' ],
21 silly audit   '@webassemblyjs/wasm-edit': [ '1.14.1' ],
21 silly audit   '@webassemblyjs/wasm-gen': [ '1.14.1' ],
21 silly audit   '@webassemblyjs/wasm-opt': [ '1.14.1' ],
21 silly audit   '@webassemblyjs/wasm-parser': [ '1.14.1' ],
21 silly audit   '@webassemblyjs/wast-printer': [ '1.14.1' ],
21 silly audit   '@webpack-cli/configtest': [ '1.2.0' ],
21 silly audit   '@webpack-cli/info': [ '1.5.0' ],
21 silly audit   '@webpack-cli/serve': [ '1.7.0' ],
21 silly audit   '@xtuc/ieee754': [ '1.2.0' ],
21 silly audit   '@xtuc/long': [ '4.2.2' ],
21 silly audit   accepts: [ '1.3.8' ],
21 silly audit   negotiator: [ '0.6.3', '0.6.4' ],
21 silly audit   acorn: [ '8.15.0' ],
21 silly audit   'acorn-import-phases': [ '1.0.4' ],
21 silly audit   'acorn-jsx': [ '5.3.2' ],
21 silly audit   'acorn-walk': [ '8.3.4' ],
21 silly audit   address: [ '1.1.2' ],
21 silly audit   'agent-base': [ '7.1.4' ],
21 silly audit   'ajv-formats': [ '2.1.1' ],
21 silly audit   'ajv-keywords': [ '5.1.0', '3.5.2' ],
21 silly audit   'ansi-html': [ '0.0.7' ],
21 silly audit   'ansi-html-community': [ '0.0.8' ],
21 silly audit   anymatch: [ '3.1.3', '2.0.0' ],
21 silly audit   arg: [ '4.1.3' ],
21 silly audit   'arr-diff': [ '4.0.0' ],
21 silly audit   'arr-flatten': [ '1.1.0' ],
21 silly audit   'arr-union': [ '3.1.0' ],
21 silly audit   'array-buffer-byte-length': [ '1.0.2' ],
21 silly audit   'array-includes': [ '3.1.9' ],
21 silly audit   'array-union': [ '1.0.2', '2.1.0' ],
21 silly audit   'array-uniq': [ '1.0.3' ],
21 silly audit   'array-unique': [ '0.3.2' ],
21 silly audit   'array.prototype.findlast': [ '1.2.5' ],
21 silly audit   'array.prototype.flat': [ '1.3.3' ],
21 silly audit   'array.prototype.flatmap': [ '1.3.3' ],
21 silly audit   'array.prototype.tosorted': [ '1.1.4' ],
21 silly audit   'arraybuffer.prototype.slice': [ '1.0.4' ],
21 silly audit   arrify: [ '1.0.1' ],
21 silly audit   'assign-symbols': [ '1.0.0' ],
21 silly audit   'astral-regex': [ '2.0.0' ],
21 silly audit   'async-each': [ '1.0.6' ],
21 silly audit   'async-function': [ '1.0.0' ],
21 silly audit   atob: [ '2.1.2' ],
21 silly audit   'available-typed-arrays': [ '1.0.7' ],
21 silly audit   'babel-code-frame': [ '6.26.0' ],
21 silly audit   'js-tokens': [ '3.0.2', '4.0.0' ],
21 silly audit   'babel-jest': [ '30.2.0' ],
21 silly audit   'babel-loader': [ '9.2.1' ],
21 silly audit   'babel-plugin-i18next-extract': [ '1.1.0' ],
21 silly audit   i18next: [ '25.7.1', '21.6.11' ],
21 silly audit   'babel-plugin-istanbul': [ '7.0.1' ],
21 silly audit   'babel-plugin-jest-hoist': [ '30.2.0' ],
21 silly audit   'babel-plugin-polyfill-corejs2': [ '0.4.14' ],
21 silly audit   'babel-plugin-polyfill-corejs3': [ '0.13.0' ],
21 silly audit   'babel-plugin-polyfill-regenerator': [ '0.6.5' ],
21 silly audit   'babel-preset-current-node-syntax': [ '1.2.0' ],
21 silly audit   'babel-preset-jest': [ '30.2.0' ],
21 silly audit   'balanced-match': [ '1.0.2', '2.0.0' ],
21 silly audit   base: [ '0.11.2' ],
21 silly audit   'define-property': [ '1.0.0', '0.2.5', '2.0.2' ],
21 silly audit   'baseline-browser-mapping': [ '2.8.28' ],
21 silly audit   batch: [ '0.6.1' ],
21 silly audit   'big.js': [ '5.2.2' ],
21 silly audit   'binary-extensions': [ '2.3.0', '1.13.1' ],
21 silly audit   bindings: [ '1.5.0' ],
21 silly audit   'body-parser': [ '1.20.3' ],
21 silly audit   debug: [ '2.6.9', '4.4.3', '3.2.7' ],
21 silly audit   ms: [ '2.0.0', '2.1.3' ],
21 silly audit   'bonjour-service': [ '1.3.0' ],
21 silly audit   boolbase: [ '1.0.0' ],
21 silly audit   braces: [ '3.0.3', '2.3.2' ],
21 silly audit   browserslist: [ '4.28.0', '4.7.0' ],
21 silly audit   bser: [ '2.1.1' ],
21 silly audit   'buffer-from': [ '1.1.2' ],
21 silly audit   bytes: [ '3.1.2' ],
21 silly audit   'cache-base': [ '1.0.1' ],
21 silly audit   cacheable: [ '2.3.0' ],
21 silly audit   'call-bind': [ '1.0.8' ],
21 silly audit   'call-bind-apply-helpers': [ '1.0.2' ],
21 silly audit   'call-bound': [ '1.0.4' ],
21 silly audit   'call-me-maybe': [ '1.0.2' ],
21 silly audit   callsites: [ '3.1.0' ],
21 silly audit   'camel-case': [ '4.1.2' ],
21 silly audit   'caniuse-lite': [ '1.0.30001755' ],
21 silly audit   'char-regex': [ '1.0.2' ],
21 silly audit   chardet: [ '0.7.0' ],
21 silly audit   chokidar: [ '3.6.0', '2.1.8', '4.0.3' ],
21 silly audit   'chrome-trace-event': [ '1.0.4' ],
21 silly audit   'ci-info': [ '4.3.1' ],
21 silly audit   'cjs-module-lexer': [ '2.1.1' ],
21 silly audit   'class-utils': [ '0.3.6' ],
21 silly audit   'is-descriptor': [ '0.1.7', '1.0.3' ],
21 silly audit   'clean-css': [ '5.3.3' ],
21 silly audit   'cli-cursor': [ '2.1.0' ],
21 silly audit   'cli-width': [ '2.2.1' ],
21 silly audit   cliui: [ '8.0.1' ],
21 silly audit   'is-fullwidth-code-point': [ '3.0.0', '2.0.0' ],
21 silly audit   'clone-deep': [ '4.0.1' ],
21 silly audit   co: [ '4.6.0' ],
21 silly audit   'collect-v8-coverage': [ '1.0.3' ],
21 silly audit   'collection-visit': [ '1.0.0' ],
21 silly audit   colord: [ '2.9.3' ],
21 silly audit   colorette: [ '2.0.20' ],
21 silly audit   'common-path-prefix': [ '3.0.0' ],
21 silly audit   'component-emitter': [ '1.3.1' ],
21 silly audit   compressible: [ '2.0.18' ],
21 silly audit   compression: [ '1.8.1' ],
21 silly audit   'concat-map': [ '0.0.1' ],
21 silly audit   'connect-history-api-fallback': [ '2.0.0' ],
21 silly audit   'content-disposition': [ '0.5.4' ],
21 silly audit   'content-type': [ '1.0.5' ],
21 silly audit   'convert-source-map': [ '2.0.0' ],
21 silly audit   cookie: [ '0.7.1' ],
21 silly audit   'cookie-signature': [ '1.0.6' ],
21 silly audit   'copy-descriptor': [ '0.1.1' ],
21 silly audit   'core-js-compat': [ '3.46.0' ],
21 silly audit   'core-util-is': [ '1.0.3' ],
21 silly audit   cosmiconfig: [ '8.3.6', '9.0.0' ],
21 silly audit   'create-require': [ '1.1.1' ],
21 silly audit   'cross-fetch': [ '3.1.5' ],
21 silly audit   'cross-spawn': [ '7.0.6', '6.0.5' ],
21 silly audit   'css-functions-list': [ '3.2.3' ],
21 silly audit   'css-loader': [ '7.1.2' ],
21 silly audit   'css-select': [ '4.3.0', '5.2.2' ],
21 silly audit   'css-tree': [ '2.3.1', '2.2.1', '3.1.0' ],
21 silly audit   'css-what': [ '6.2.2' ],
21 silly audit   'css.escape': [ '1.5.1' ],
21 silly audit   cssesc: [ '3.0.0' ],
21 silly audit   csso: [ '5.0.5' ],
21 silly audit   'mdn-data': [ '2.0.28', '2.0.30', '2.12.2' ],
21 silly audit   cssstyle: [ '4.6.0' ],
21 silly audit   csstype: [ '3.2.3' ],
21 silly audit   'data-urls': [ '5.0.0' ],
21 silly audit   tr46: [ '5.1.1', '0.0.3' ],
21 silly audit   'webidl-conversions': [ '7.0.0', '3.0.1' ],
21 silly audit   'whatwg-url': [ '14.2.0', '5.0.0' ],
21 silly audit   'data-view-buffer': [ '1.0.2' ],
21 silly audit   'data-view-byte-length': [ '1.0.2' ],
21 silly audit   'data-view-byte-offset': [ '1.0.1' ],
21 silly audit   debounce: [ '1.2.1' ],
21 silly audit   'decimal.js': [ '10.6.0' ],
21 silly audit   'decode-uri-component': [ '0.2.2' ],
21 silly audit   dedent: [ '1.7.0' ],
21 silly audit   'deep-equal': [ '2.2.3' ],
21 silly audit   isarray: [ '2.0.5', '1.0.0' ],
21 silly audit   'deep-is': [ '0.1.4' ],
21 silly audit   deepmerge: [ '4.3.1' ],
21 silly audit   'default-gateway': [ '6.0.3' ],
21 silly audit   'define-data-property': [ '1.1.4' ],
21 silly audit   'define-lazy-prop': [ '2.0.0' ],
21 silly audit   'define-properties': [ '1.2.1' ],
21 silly audit   depd: [ '2.0.0', '1.1.2' ],
21 silly audit   dequal: [ '2.0.3' ],
21 silly audit   destroy: [ '1.2.0' ],
21 silly audit   'detect-libc': [ '1.0.3' ],
21 silly audit   'detect-newline': [ '3.1.0' ],
21 silly audit   'detect-node': [ '2.1.0' ],
21 silly audit   'detect-port-alt': [ '1.1.6' ],
21 silly audit   diff: [ '4.0.2' ],
21 silly audit   'dir-glob': [ '2.0.0', '3.0.1' ],
21 silly audit   'path-type': [ '3.0.0', '4.0.0' ],
21 silly audit   'dns-packet': [ '5.6.1' ],
21 silly audit   doctrine: [ '2.1.0' ],
21 silly audit   'dom-accessibility-api': [ '0.5.16' ],
21 silly audit   'dom-converter': [ '0.2.0' ],
21 silly audit   'dom-serializer': [ '1.4.1', '2.0.0' ],
21 silly audit   domelementtype: [ '2.3.0' ],
21 silly audit   domhandler: [ '4.3.1', '5.0.3' ],
21 silly audit   domutils: [ '2.8.0', '3.2.2' ],
21 silly audit   'dot-case': [ '3.0.4' ],
21 silly audit   'dunder-proto': [ '1.0.1' ],
21 silly audit   duplexer: [ '0.1.2' ],
21 silly audit   eastasianwidth: [ '0.2.0' ],
21 silly audit   'ee-first': [ '1.1.1' ],
21 silly audit   'electron-to-chromium': [ '1.5.254' ],
21 silly audit   emittery: [ '0.13.1' ],
21 silly audit   'emojis-list': [ '3.0.0', '2.1.0' ],
21 silly audit   encodeurl: [ '2.0.0', '1.0.2' ],
21 silly audit   'enhanced-resolve': [ '5.18.3' ],
21 silly audit   'env-paths': [ '2.2.1' ],
21 silly audit   envinfo: [ '7.20.0' ],
21 silly audit   'error-ex': [ '1.3.4' ],
21 silly audit   'error-stack-parser': [ '2.1.4' ],
21 silly audit   'es-abstract': [ '1.24.0' ],
21 silly audit   'es-define-property': [ '1.0.1' ],
21 silly audit   'es-errors': [ '1.3.0' ],
21 silly audit   'es-get-iterator': [ '1.1.3' ],
21 silly audit   'es-iterator-helpers': [ '1.2.1' ],
21 silly audit   'es-module-lexer': [ '1.7.0' ],
21 silly audit   'es-object-atoms': [ '1.1.1' ],
21 silly audit   'es-set-tostringtag': [ '2.1.0' ],
21 silly audit   'es-shim-unscopables': [ '1.1.0' ],
21 silly audit   'es-to-primitive': [ '1.3.0' ],
21 silly audit   escalade: [ '3.2.0' ],
21 silly audit   'escape-html': [ '1.0.3' ],
21 silly audit   'escape-string-regexp': [ '1.0.5', '4.0.0', '2.0.0' ],
21 silly audit   eslint: [ '9.39.1' ],
21 silly audit   'eslint-plugin-i18next': [ '6.1.3' ],
21 silly audit   'eslint-plugin-react': [ '7.37.5' ],
21 silly audit   estraverse: [ '5.3.0', '4.3.0' ],
21 silly audit   resolve: [ '2.0.0-next.5', '1.22.11' ],
21 silly audit   'eslint-scope': [ '5.1.1', '8.4.0' ],
21 silly audit   'find-up': [ '5.0.0', '6.3.0', '4.1.0', '2.1.0', '3.0.0' ],
21 silly audit   'glob-parent': [ '6.0.2', '3.1.0', '5.1.2' ],
21 silly audit   'locate-path': [ '6.0.0', '7.2.0', '5.0.0', '2.0.0', '3.0.0' ],
21 silly audit   'p-limit': [ '3.1.0', '4.0.0', '2.3.0', '1.3.0' ],
21 silly audit   'p-locate': [ '5.0.0', '6.0.0', '4.1.0', '2.0.0', '3.0.0' ],
21 silly audit   'yocto-queue': [ '0.1.0', '1.2.2' ],
21 silly audit   espree: [ '10.4.0' ],
21 silly audit   esprima: [ '4.0.1' ],
21 silly audit   esquery: [ '1.6.0' ],
21 silly audit   esrecurse: [ '4.3.0' ],
21 silly audit   esutils: [ '2.0.3' ],
21 silly audit   etag: [ '1.8.1' ],
21 silly audit   eventemitter3: [ '4.0.7' ],
21 silly audit   events: [ '3.3.0' ],
21 silly audit   eventsource: [ '2.0.2', '1.1.2' ],
21 silly audit   execa: [ '5.1.1' ],
21 silly audit   'exit-x': [ '0.2.2' ],
21 silly audit   'expand-brackets': [ '2.1.4' ],
21 silly audit   'extend-shallow': [ '2.0.1', '3.0.2' ],
21 silly audit   'is-extendable': [ '0.1.1', '1.0.1' ],
21 silly audit   expect: [ '30.2.0' ],
21 silly audit   express: [ '4.21.2' ],
21 silly audit   'array-flatten': [ '1.1.1' ],
21 silly audit   'external-editor': [ '3.1.0' ],
21 silly audit   extglob: [ '2.0.4' ],
21 silly audit   'fast-deep-equal': [ '3.1.3' ],
21 silly audit   'fast-glob': [ '2.2.7', '3.3.3' ],
21 silly audit   'fill-range': [ '4.0.0', '7.1.1' ],
21 silly audit   'is-glob': [ '3.1.0', '4.0.3' ],
21 silly audit   'is-number': [ '3.0.0', '7.0.0' ],
21 silly audit   'kind-of': [ '3.2.2', '4.0.0', '6.0.3' ],
21 silly audit   micromatch: [ '3.1.10', '4.0.8' ],
21 silly audit   'to-regex-range': [ '2.1.1', '5.0.1' ],
21 silly audit   'fast-json-stable-stringify': [ '2.1.0' ],
21 silly audit   'fast-levenshtein': [ '2.0.6' ],
21 silly audit   'fast-uri': [ '3.1.0' ],
21 silly audit   'fastest-levenshtein': [ '1.0.16' ],
21 silly audit   fastq: [ '1.19.1' ],
21 silly audit   'faye-websocket': [ '0.11.4' ],
21 silly audit   'fb-watchman': [ '2.0.2' ],
21 silly audit   figures: [ '2.0.0' ],
21 silly audit   'file-entry-cache': [ '8.0.0', '11.1.1' ],
21 silly audit   'file-loader': [ '6.2.0' ],
21 silly audit   'schema-utils': [ '3.3.0', '4.3.3' ],
21 silly audit   'file-uri-to-path': [ '1.0.0' ],
21 silly audit   filesize: [ '3.6.1' ],
21 silly audit   finalhandler: [ '1.3.1' ],
21 silly audit   'find-cache-dir': [ '4.0.0' ],
21 silly audit   'path-exists': [ '5.0.0', '4.0.0', '3.0.0' ],
21 silly audit   'pkg-dir': [ '7.0.0', '4.2.0' ],
21 silly audit   flat: [ '5.0.2' ],
21 silly audit   'flat-cache': [ '4.0.1', '6.1.19' ],
21 silly audit   flatted: [ '3.3.3' ],
21 silly audit   'follow-redirects': [ '1.15.11' ],
21 silly audit   'for-each': [ '0.3.5' ],
21 silly audit   'for-in': [ '1.0.2' ],
21 silly audit   'foreground-child': [ '3.3.1' ],
21 silly audit   'signal-exit': [ '4.1.0', '3.0.7' ],
21 silly audit   'fork-ts-checker-webpack-plugin': [ '1.5.0' ],
21 silly audit   'normalize-path': [ '2.1.1', '3.0.0' ],
21 silly audit   fsevents: [ '1.2.13', '2.3.3' ],
21 silly audit   'is-binary-path': [ '1.0.1', '2.1.0' ],
21 silly audit   'readable-stream': [ '2.3.8', '3.6.2' ],
21 silly audit   readdirp: [ '2.2.1', '3.6.0', '4.1.2' ],
21 silly audit   'safe-buffer': [ '5.1.2', '5.2.1' ],
21 silly audit   string_decoder: [ '1.1.1', '1.3.0' ],
21 silly audit   tapable: [ '1.1.3', '2.3.0' ],
21 silly audit   forwarded: [ '0.2.0' ],
21 silly audit   'fragment-cache': [ '0.2.1' ],
21 silly audit   fresh: [ '0.5.2' ],
21 silly audit   'fs-monkey': [ '1.1.0' ],
21 silly audit   'fs-readdir-recursive': [ '1.1.0' ],
21 silly audit   'fs.realpath': [ '1.0.0' ],
21 silly audit   'function-bind': [ '1.1.2' ],
21 silly audit   'function.prototype.name': [ '1.1.8' ],
21 silly audit   'functions-have-names': [ '1.2.3' ],
21 silly audit   'generator-function': [ '2.0.1' ],
21 silly audit   gensync: [ '1.0.0-beta.2' ],
21 silly audit   'get-caller-file': [ '2.0.5' ],
21 silly audit   'get-intrinsic': [ '1.3.0' ],
21 silly audit   'get-package-type': [ '0.1.0' ],
21 silly audit   'get-proto': [ '1.0.1' ],
21 silly audit   'get-stream': [ '6.0.1' ],
21 silly audit   'get-symbol-description': [ '1.1.0' ],
21 silly audit   'get-value': [ '2.0.6' ],
21 silly audit   'global-modules': [ '2.0.0' ],
21 silly audit   'global-prefix': [ '3.0.0' ],
21 silly audit   which: [ '1.3.1', '2.0.2' ],
21 silly audit   globalthis: [ '1.0.4' ],
21 silly audit   globby: [ '8.0.2', '11.1.0' ],
21 silly audit   globjoin: [ '0.1.4' ],
21 silly audit   gopd: [ '1.2.0' ],
21 silly audit   'graceful-fs': [ '4.2.11' ],
21 silly audit   graphemer: [ '1.4.0' ],
21 silly audit   'gzip-size': [ '5.1.1' ],
21 silly audit   pify: [ '4.0.1', '3.0.0' ],
21 silly audit   'handle-thing': [ '2.0.1' ],
21 silly audit   'harmony-reflect': [ '1.6.2' ],
21 silly audit   'has-ansi': [ '2.0.0' ],
21 silly audit   'has-bigints': [ '1.1.0' ],
21 silly audit   'has-property-descriptors': [ '1.0.2' ],
21 silly audit   'has-proto': [ '1.2.0' ],
21 silly audit   'has-symbols': [ '1.1.0' ],
21 silly audit   'has-tostringtag': [ '1.0.2' ],
21 silly audit   'has-value': [ '1.0.0', '0.3.1' ],
21 silly audit   'has-values': [ '1.0.0', '0.1.4' ],
21 silly audit   hashery: [ '1.3.0' ],
21 silly audit   hasown: [ '2.0.2' ],
21 silly audit   he: [ '1.2.0' ],
21 silly audit   history: [ '5.3.0' ],
21 silly audit   hookified: [ '1.13.0' ],
21 silly audit   'hpack.js': [ '2.1.6' ],
21 silly audit   'html-encoding-sniffer': [ '4.0.0' ],
21 silly audit   'html-entities': [ '2.6.0', '1.4.0' ],
21 silly audit   'html-escaper': [ '2.0.2' ],
21 silly audit   'html-minifier-terser': [ '6.1.0' ],
21 silly audit   'html-parse-stringify': [ '3.0.1' ],
21 silly audit   'html-tags': [ '3.3.1' ],
21 silly audit   'html-webpack-plugin': [ '5.5.0' ],
21 silly audit   htmlparser2: [ '6.1.0' ],
21 silly audit   'http-deceiver': [ '1.2.7' ],
21 silly audit   'http-errors': [ '2.0.0', '1.6.3' ],
21 silly audit   'http-parser-js': [ '0.5.10' ],
21 silly audit   'http-proxy': [ '1.18.1' ],
21 silly audit   'http-proxy-agent': [ '7.0.2' ],
21 silly audit   'http-proxy-middleware': [ '2.0.9' ],
21 silly audit   'https-proxy-agent': [ '7.0.6' ],
21 silly audit   'human-signals': [ '2.1.0' ],
21 silly audit   'i18next-browser-languagedetector': [ '6.1.3' ],
21 silly audit   'i18next-http-backend': [ '1.3.2' ],
21 silly audit   'iconv-lite': [ '0.4.24', '0.6.3' ],
21 silly audit   'icss-utils': [ '5.1.0' ],
21 silly audit   'identity-obj-proxy': [ '3.0.0' ],
21 silly audit   immer: [ '1.10.0' ],
21 silly audit   immutable: [ '5.1.4' ],
21 silly audit   'import-fresh': [ '3.3.1' ],
21 silly audit   'resolve-from': [ '4.0.0', '5.0.0' ],
21 silly audit   'import-local': [ '3.2.0' ],
21 silly audit   imurmurhash: [ '0.1.4' ],
21 silly audit   'indent-string': [ '4.0.0' ],
21 silly audit   inflight: [ '1.0.6' ],
21 silly audit   inherits: [ '2.0.4', '2.0.3' ],
21 silly audit   ini: [ '1.3.8' ],
21 silly audit   inquirer: [ '6.5.0' ],
21 silly audit   'internal-slot': [ '1.1.0' ],
21 silly audit   interpret: [ '2.2.0' ],
21 silly audit   'ipaddr.js': [ '2.2.0', '1.9.1' ],
21 silly audit   'is-accessor-descriptor': [ '1.0.1' ],
21 silly audit   'is-arguments': [ '1.2.0' ],
21 silly audit   'is-array-buffer': [ '3.0.5' ],
21 silly audit   'is-arrayish': [ '0.2.1' ],
21 silly audit   'is-async-function': [ '2.1.1' ],
21 silly audit   'is-bigint': [ '1.1.0' ],
21 silly audit   'is-boolean-object': [ '1.2.2' ],
21 silly audit   'is-buffer': [ '1.1.6' ],
21 silly audit   'is-callable': [ '1.2.7' ],
21 silly audit   'is-core-module': [ '2.16.1' ],
21 silly audit   'is-data-descriptor': [ '1.0.1' ],
21 silly audit   'is-data-view': [ '1.0.2' ],
21 silly audit   'is-date-object': [ '1.1.0' ],
21 silly audit   'is-docker': [ '2.2.1' ],
21 silly audit   'is-extglob': [ '2.1.1' ],
21 silly audit   'is-finalizationregistry': [ '1.1.1' ],
21 silly audit   'is-generator-fn': [ '2.1.0' ],
21 silly audit   'is-generator-function': [ '1.1.2' ],
21 silly audit   'is-map': [ '2.0.3' ],
21 silly audit   'is-negative-zero': [ '2.0.3' ],
21 silly audit   'is-number-object': [ '1.1.1' ],
21 silly audit   'is-plain-obj': [ '3.0.0' ],
21 silly audit   'is-plain-object': [ '2.0.4', '5.0.0' ],
21 silly audit   'is-potential-custom-element-name': [ '1.0.1' ],
21 silly audit   'is-regex': [ '1.2.1' ],
21 silly audit   'is-root': [ '2.1.0' ],
21 silly audit   'is-set': [ '2.0.3' ],
21 silly audit   'is-shared-array-buffer': [ '1.0.4' ],
21 silly audit   'is-stream': [ '2.0.1' ],
21 silly audit   'is-string': [ '1.1.1' ],
21 silly audit   'is-symbol': [ '1.1.1' ],
21 silly audit   'is-typed-array': [ '1.1.15' ],
21 silly audit   'is-weakmap': [ '2.0.2' ],
21 silly audit   'is-weakref': [ '1.1.1' ],
21 silly audit   'is-weakset': [ '2.0.4' ],
21 silly audit   'is-windows': [ '1.0.2' ],
21 silly audit   'is-wsl': [ '2.2.0', '1.1.0' ],
21 silly audit   isexe: [ '2.0.0' ],
21 silly audit   isobject: [ '3.0.1', '2.1.0' ],
21 silly audit   'istanbul-lib-coverage': [ '3.2.2' ],
21 silly audit   'istanbul-lib-instrument': [ '6.0.3' ],
21 silly audit   'istanbul-lib-report': [ '3.0.1' ],
21 silly audit   'make-dir': [ '4.0.0', '2.1.0' ],
21 silly audit   'istanbul-lib-source-maps': [ '5.0.6' ],
21 silly audit   'istanbul-reports': [ '3.2.0' ],
21 silly audit   'iterator.prototype': [ '1.1.5' ],
21 silly audit   jackspeak: [ '3.4.3' ],
21 silly audit   jest: [ '30.2.0' ],
21 silly audit   'jest-changed-files': [ '30.2.0' ],
21 silly audit   'jest-circus': [ '30.2.0' ],
21 silly audit   'jest-cli': [ '30.2.0' ],
21 silly audit   'jest-config': [ '30.2.0' ],
21 silly audit   'jest-diff': [ '30.2.0' ],
21 silly audit   'jest-docblock': [ '30.2.0' ],
21 silly audit   'jest-each': [ '30.2.0' ],
21 silly audit   'jest-environment-jsdom': [ '30.2.0' ],
21 silly audit   'jest-environment-node': [ '30.2.0' ],
21 silly audit   'jest-haste-map': [ '30.2.0' ],
21 silly audit   'jest-leak-detector': [ '30.2.0' ],
21 silly audit   'jest-matcher-utils': [ '30.2.0' ],
21 silly audit   'jest-message-util': [ '30.2.0' ],
21 silly audit   'jest-mock': [ '30.2.0' ],
21 silly audit   'jest-pnp-resolver': [ '1.2.3' ],
21 silly audit   'jest-regex-util': [ '30.0.1' ],
21 silly audit   'jest-resolve': [ '30.2.0' ],
21 silly audit   'jest-resolve-dependencies': [ '30.2.0' ],
21 silly audit   'jest-runner': [ '30.2.0' ],
21 silly audit   'source-map-support': [ '0.5.13', '0.5.21' ],
21 silly audit   'jest-runtime': [ '30.2.0' ],
21 silly audit   'jest-snapshot': [ '30.2.0' ],
21 silly audit   'jest-util': [ '30.2.0' ],
21 silly audit   picomatch: [ '4.0.3', '2.3.1' ],
21 silly audit   'jest-validate': [ '30.2.0' ],
21 silly audit   'jest-watcher': [ '30.2.0' ],
21 silly audit   jsdom: [ '26.1.0' ],
21 silly audit   jsesc: [ '3.1.0' ],
21 silly audit   'json-buffer': [ '3.0.1' ],
21 silly audit   'json-parse-even-better-errors': [ '2.3.1' ],
21 silly audit   'json-stable-stringify': [ '1.3.0' ],
21 silly audit   'json-stable-stringify-without-jsonify': [ '1.0.1' ],
21 silly audit   json3: [ '3.3.3' ],
21 silly audit   json5: [ '2.2.3', '1.0.2' ],
21 silly audit   jsonify: [ '0.0.1' ],
21 silly audit   'jsx-ast-utils': [ '3.3.5' ],
21 silly audit   'known-css-properties': [ '0.37.0' ],
21 silly audit   'launch-editor': [ '2.12.0' ],
21 silly audit   leven: [ '3.1.0' ],
21 silly audit   levn: [ '0.4.1' ],
21 silly audit   'lines-and-columns': [ '1.2.4' ],
21 silly audit   'loader-runner': [ '4.3.1' ],
21 silly audit   'loader-utils': [ '2.0.4', '1.2.3' ],
21 silly audit   lodash: [ '4.17.21' ],
21 silly audit   'lodash.debounce': [ '4.0.8' ],
21 silly audit   'lodash.merge': [ '4.6.2' ],
21 silly audit   'lodash.truncate': [ '4.4.2' ],
21 silly audit   'loose-envify': [ '1.4.0' ],
21 silly audit   'lower-case': [ '2.0.2' ],
21 silly audit   'lz-string': [ '1.5.0' ],
21 silly audit   'make-error': [ '1.3.6' ],
21 silly audit   makeerror: [ '1.0.12' ],
21 silly audit   'map-cache': [ '0.2.2' ],
21 silly audit   'map-visit': [ '1.0.0' ],
21 silly audit   'math-intrinsics': [ '1.1.0' ],
21 silly audit   'mathml-tag-names': [ '2.1.3' ],
21 silly audit   'media-typer': [ '0.3.0' ],
21 silly audit   memfs: [ '3.5.3' ],
21 silly audit   meow: [ '13.2.0' ],
21 silly audit   'merge-descriptors': [ '1.0.3' ],
21 silly audit   'merge-stream': [ '2.0.0' ],
21 silly audit   merge2: [ '1.4.1' ],
21 silly audit   methods: [ '1.1.2' ],
21 silly audit   'microevent.ts': [ '0.1.1' ],
21 silly audit   mime: [ '1.6.0' ],
21 silly audit   'mime-db': [ '1.52.0' ],
21 silly audit   'mime-types': [ '2.1.35' ],
21 silly audit   'mimic-fn': [ '2.1.0', '1.2.0' ],
21 silly audit   'min-indent': [ '1.0.1' ],
21 silly audit   'mini-css-extract-plugin': [ '2.5.3' ],
21 silly audit   'minimalistic-assert': [ '1.0.1' ],
21 silly audit   minimist: [ '1.2.8' ],
21 silly audit   minipass: [ '7.1.2' ],
21 silly audit   'mixin-deep': [ '1.3.2' ],
21 silly audit   mrmime: [ '2.0.1' ],
21 silly audit   'multicast-dns': [ '7.2.5' ],
21 silly audit   'mute-stream': [ '0.0.7' ],
21 silly audit   nan: [ '2.23.1' ],
21 silly audit   nanoid: [ '3.3.11' ],
21 silly audit   nanomatch: [ '1.2.13' ],
21 silly audit   'napi-postinstall': [ '0.3.4' ],
21 silly audit   'natural-compare': [ '1.4.0' ],
21 silly audit   'neo-async': [ '2.6.2' ],
21 silly audit   'nice-try': [ '1.0.5' ],
21 silly audit   'no-case': [ '3.0.4' ],
21 silly audit   'node-addon-api': [ '7.1.1' ],
21 silly audit   'node-fetch': [ '2.6.7' ],
21 silly audit   'node-forge': [ '1.3.1' ],
21 silly audit   'node-int64': [ '0.4.0' ],
21 silly audit   'node-releases': [ '2.0.27', '1.1.77' ],
21 silly audit   'npm-run-path': [ '4.0.1' ],
21 silly audit   'nth-check': [ '2.1.1' ],
21 silly audit   nwsapi: [ '2.2.22' ],
21 silly audit   'object-assign': [ '4.1.1' ],
21 silly audit   'object-copy': [ '0.1.0' ],
21 silly audit   'object-inspect': [ '1.13.4' ],
21 silly audit   'object-is': [ '1.1.6' ],
21 silly audit   'object-keys': [ '1.1.1' ],
21 silly audit   'object-visit': [ '1.0.1' ],
21 silly audit   'object.assign': [ '4.1.7' ],
21 silly audit   'object.entries': [ '1.1.9' ],
21 silly audit   'object.fromentries': [ '2.0.8' ],
21 silly audit   'object.pick': [ '1.3.0' ],
21 silly audit   'object.values': [ '1.2.1' ],
21 silly audit   obuf: [ '1.1.2' ],
21 silly audit   'on-finished': [ '2.4.1' ],
21 silly audit   'on-headers': [ '1.1.0' ],
21 silly audit   once: [ '1.4.0' ],
21 silly audit   onetime: [ '5.1.2', '2.0.1' ],
21 silly audit   open: [ '8.4.2', '6.4.0' ],
21 silly audit   opener: [ '1.5.2' ],
21 silly audit   optionator: [ '0.9.4' ],
21 silly audit   'os-tmpdir': [ '1.0.2' ],
21 silly audit   'own-keys': [ '1.0.1' ],
21 silly audit   'p-retry': [ '4.6.2' ],
21 silly audit   'p-try': [ '2.2.0', '1.0.0' ],
21 silly audit   'package-json-from-dist': [ '1.0.1' ],
21 silly audit   'param-case': [ '3.0.4' ],
21 silly audit   'parent-module': [ '1.0.1' ],
21 silly audit   'parse-json': [ '5.2.0' ],
21 silly audit   parse5: [ '7.3.0' ],
21 silly audit   parseurl: [ '1.3.3' ],
21 silly audit   'pascal-case': [ '3.1.2' ],
21 silly audit   pascalcase: [ '0.1.1' ],
21 silly audit   'path-dirname': [ '1.0.2' ],
21 silly audit   'path-is-absolute': [ '1.0.1' ],
21 silly audit   'path-key': [ '3.1.1', '2.0.1' ],
21 silly audit   'path-parse': [ '1.0.7' ],
21 silly audit   'path-scurry': [ '1.11.1' ],
21 silly audit   'path-to-regexp': [ '0.1.12' ],
21 silly audit   picocolors: [ '1.1.1' ],
21 silly audit   pirates: [ '4.0.7' ],
21 silly audit   'pkg-up': [ '2.0.0' ],
21 silly audit   'posix-character-classes': [ '0.1.1' ],
21 silly audit   'possible-typed-array-names': [ '1.1.0' ],
21 silly audit   postcss: [ '8.5.6' ],
21 silly audit   'postcss-modules-extract-imports': [ '3.1.0' ],
21 silly audit   'postcss-modules-local-by-default': [ '4.2.0' ],
21 silly audit   'postcss-modules-scope': [ '3.2.1' ],
21 silly audit   'postcss-modules-values': [ '4.0.0' ],
21 silly audit   'postcss-resolve-nested-selector': [ '0.1.6' ],
21 silly audit   'postcss-safe-parser': [ '7.0.1' ],
21 silly audit   'postcss-selector-parser': [ '7.1.0' ],
21 silly audit   'postcss-value-parser': [ '4.2.0' ],
21 silly audit   'prelude-ls': [ '1.2.1' ],
21 silly audit   'pretty-error': [ '4.0.0' ],
21 silly audit   'process-nextick-args': [ '2.0.1' ],
21 silly audit   'prop-types': [ '15.8.1' ],
21 silly audit   'proxy-addr': [ '2.0.7' ],
21 silly audit   punycode: [ '2.3.1' ],
21 silly audit   'pure-rand': [ '7.0.1' ],
21 silly audit   qified: [ '0.5.2' ],
21 silly audit   qs: [ '6.13.0' ],
21 silly audit   querystringify: [ '2.2.0' ],
21 silly audit   'queue-microtask': [ '1.2.3' ],
21 silly audit   randombytes: [ '2.1.0' ],
21 silly audit   'range-parser': [ '1.2.1' ],
21 silly audit   'raw-body': [ '2.5.2' ],
21 silly audit   react: [ '17.0.2' ],
21 silly audit   'react-dev-utils': [ '9.1.0' ],
21 silly audit   'shebang-command': [ '1.2.0', '2.0.0' ],
21 silly audit   'shebang-regex': [ '1.0.0', '3.0.0' ],
21 silly audit   'shell-quote': [ '1.7.2', '1.8.3' ],
21 silly audit   'sockjs-client': [ '1.4.0', '1.6.1' ],
21 silly audit   'react-dom': [ '17.0.2' ],
21 silly audit   'react-error-overlay': [ '6.1.0' ],
21 silly audit   'react-i18next': [ '11.15.5' ],
21 silly audit   'react-refresh': [ '0.18.0' ],
21 silly audit   'react-refresh-webpack-plugin': [ '0.1.0' ],
21 silly audit   'react-router': [ '6.2.1' ],
21 silly audit   'react-router-dom': [ '6.2.1' ],
21 silly audit   rechoir: [ '0.7.1' ],
21 silly audit   'recursive-readdir': [ '2.2.2' ],
21 silly audit   redent: [ '3.0.0' ],
21 silly audit   'reflect.getprototypeof': [ '1.0.10' ],
21 silly audit   regenerate: [ '1.4.2' ],
21 silly audit   'regenerate-unicode-properties': [ '10.2.2' ],
21 silly audit   'regex-not': [ '1.0.2' ],
21 silly audit   'regexp.prototype.flags': [ '1.5.4' ],
21 silly audit   'regexpu-core': [ '6.4.0' ],
21 silly audit   regjsgen: [ '0.8.0' ],
21 silly audit   regjsparser: [ '0.13.0' ],
21 silly audit   relateurl: [ '0.2.7' ],
21 silly audit   'remove-trailing-separator': [ '1.1.0' ],
21 silly audit   renderkid: [ '3.0.0' ],
21 silly audit   'repeat-element': [ '1.1.4' ],
21 silly audit   'repeat-string': [ '1.6.1' ],
21 silly audit   'require-directory': [ '2.1.1' ],
21 silly audit   'require-from-string': [ '2.0.2' ],
21 silly audit   requireindex: [ '1.1.0' ],
21 silly audit   'requires-port': [ '1.0.0' ],
21 silly audit   'resolve-cwd': [ '3.0.0' ],
21 silly audit   'resolve-url': [ '0.2.1' ],
21 silly audit   'restore-cursor': [ '2.0.0' ],
21 silly audit   ret: [ '0.1.15' ],
21 silly audit   retry: [ '0.13.1' ],
21 silly audit   reusify: [ '1.1.0' ],
21 silly audit   rimraf: [ '3.0.2' ],
21 silly audit   'rrweb-cssom': [ '0.8.0' ],
21 silly audit   'run-async': [ '2.4.1' ],
21 silly audit   'run-parallel': [ '1.2.0' ],
21 silly audit   rxjs: [ '6.6.7' ],
21 silly audit   tslib: [ '1.14.1', '2.8.1' ],
21 silly audit   'safe-array-concat': [ '1.1.3' ],
21 silly audit   'safe-push-apply': [ '1.0.0' ],
21 silly audit   'safe-regex': [ '1.1.0' ],
21 silly audit   'safe-regex-test': [ '1.1.0' ],
21 silly audit   'safer-buffer': [ '2.1.2' ],
21 silly audit   sass: [ '1.94.1' ],
21 silly audit   'sass-loader': [ '16.0.6' ],
21 silly audit   saxes: [ '6.0.0' ],
21 silly audit   scheduler: [ '0.20.2' ],
21 silly audit   'select-hose': [ '2.0.0' ],
21 silly audit   selfsigned: [ '2.4.1' ],
21 silly audit   send: [ '0.19.0' ],
21 silly audit   'serialize-javascript': [ '6.0.2' ],
21 silly audit   'serve-index': [ '1.9.1' ],
21 silly audit   setprototypeof: [ '1.1.0', '1.2.0' ],
21 silly audit   statuses: [ '1.5.0', '2.0.1' ],
21 silly audit   'serve-static': [ '1.16.2' ],
21 silly audit   'set-function-length': [ '1.2.2' ],
21 silly audit   'set-function-name': [ '2.0.2' ],
21 silly audit   'set-proto': [ '1.0.0' ],
21 silly audit   'set-value': [ '2.0.1' ],
21 silly audit   'shallow-clone': [ '3.0.1' ],
21 silly audit   'side-channel': [ '1.1.0' ],
21 silly audit   'side-channel-list': [ '1.0.0' ],
21 silly audit   'side-channel-map': [ '1.0.1' ],
21 silly audit   'side-channel-weakmap': [ '1.0.2' ],
21 silly audit   sirv: [ '2.0.4' ],
21 silly audit   'slice-ansi': [ '4.0.0' ],
21 silly audit   'snake-case': [ '3.0.4' ],
21 silly audit   snapdragon: [ '0.8.2' ],
21 silly audit   'snapdragon-node': [ '2.1.1' ],
21 silly audit   'snapdragon-util': [ '3.0.1' ],
21 silly audit   'source-map': [ '0.5.7', '0.6.1' ],
21 silly audit   sockjs: [ '0.3.24' ],
21 silly audit   'source-map-js': [ '1.2.1' ],
21 silly audit   'source-map-resolve': [ '0.5.3' ],
21 silly audit   'source-map-url': [ '0.4.1' ],
21 silly audit   spdy: [ '4.0.2' ],
21 silly audit   'spdy-transport': [ '3.0.0' ],
21 silly audit   'split-string': [ '3.1.0' ],
21 silly audit   'sprintf-js': [ '1.0.3' ],
21 silly audit   'stack-utils': [ '2.0.6' ],
21 silly audit   stackframe: [ '1.3.4' ],
21 silly audit   'static-extend': [ '0.1.2' ],
21 silly audit   'stop-iteration-iterator': [ '1.1.0' ],
21 silly audit   'string-length': [ '4.0.2' ],
21 silly audit   'string.prototype.matchall': [ '4.0.12' ],
21 silly audit   'string.prototype.repeat': [ '1.0.0' ],
21 silly audit   'string.prototype.trim': [ '1.2.10' ],
21 silly audit   'string.prototype.trimend': [ '1.0.9' ],
21 silly audit   'string.prototype.trimstart': [ '1.0.8' ],
21 silly audit   'strip-bom': [ '4.0.0' ],
21 silly audit   'strip-final-newline': [ '2.0.0' ],
21 silly audit   'strip-indent': [ '3.0.0' ],
21 silly audit   'strip-json-comments': [ '3.1.1' ],
21 silly audit   'style-loader': [ '4.0.0' ],
21 silly audit   stylelint: [ '16.26.1' ],
21 silly audit   'stylelint-config-recommended': [ '17.0.0' ],
21 silly audit   'stylelint-config-standard': [ '39.0.1' ],
21 silly audit   'supports-hyperlinks': [ '3.2.0' ],
21 silly audit   'supports-preserve-symlinks-flag': [ '1.0.0' ],
21 silly audit   'svg-parser': [ '2.0.4' ],
21 silly audit   'svg-tags': [ '1.0.0' ],
21 silly audit   svgo: [ '3.3.2' ],
21 silly audit   'symbol-tree': [ '3.2.4' ],
21 silly audit   synckit: [ '0.11.11' ],
21 silly audit   table: [ '6.9.0' ],
21 silly audit   terser: [ '5.44.1' ],
21 silly audit   'terser-webpack-plugin': [ '5.3.14' ],
21 silly audit   'test-exclude': [ '6.0.0' ],
21 silly audit   'text-table': [ '0.2.0' ],
21 silly audit   through: [ '2.3.8' ],
21 silly audit   thunky: [ '1.1.0' ],
21 silly audit   tinyglobby: [ '0.2.15' ],
21 silly audit   fdir: [ '6.5.0' ],
21 silly audit   tldts: [ '6.1.86' ],
21 silly audit   'tldts-core': [ '6.1.86' ],
21 silly audit   tmp: [ '0.0.33' ],
21 silly audit   tmpl: [ '1.0.5' ],
21 silly audit   'to-object-path': [ '0.3.0' ],
21 silly audit   'to-regex': [ '3.0.2' ],
21 silly audit   toidentifier: [ '1.0.1' ],
21 silly audit   totalist: [ '3.0.1' ],
21 silly audit   'tough-cookie': [ '5.1.2' ],
21 silly audit   'ts-api-utils': [ '2.1.0' ],
21 silly audit   'ts-loader': [ '9.2.6' ],
21 silly audit   'ts-node': [ '10.9.2' ],
21 silly audit   'type-check': [ '0.4.0' ],
21 silly audit   'type-detect': [ '4.0.8' ],
21 silly audit   'type-fest': [ '0.21.3' ],
21 silly audit   'type-is': [ '1.6.18' ],
21 silly audit   'typed-array-buffer': [ '1.0.3' ],
21 silly audit   'typed-array-byte-length': [ '1.0.3' ],
21 silly audit   'typed-array-byte-offset': [ '1.0.4' ],
21 silly audit   'typed-array-length': [ '1.0.7' ],
21 silly audit   typescript: [ '5.9.3' ],
21 silly audit   'typescript-eslint': [ '8.48.1' ],
21 silly audit   'unbox-primitive': [ '1.1.0' ],
21 silly audit   'undici-types': [ '7.16.0' ],
21 silly audit   'unicode-canonical-property-names-ecmascript': [ '2.0.1' ],
21 silly audit   'unicode-match-property-ecmascript': [ '2.0.0' ],
21 silly audit   'unicode-match-property-value-ecmascript': [ '2.2.1' ],
21 silly audit   'unicode-property-aliases-ecmascript': [ '2.2.0' ],
21 silly audit   'union-value': [ '1.0.1' ],
21 silly audit   unpipe: [ '1.0.0' ],
21 silly audit   'unrs-resolver': [ '1.11.1' ],
21 silly audit   'unset-value': [ '1.0.0' ],
21 silly audit   upath: [ '1.2.0' ],
21 silly audit   'update-browserslist-db': [ '1.1.4' ],
21 silly audit   'uri-js': [ '4.4.1' ],
21 silly audit   urix: [ '0.1.0' ],
21 silly audit   'url-parse': [ '1.5.10' ],
21 silly audit   use: [ '3.1.1' ],
21 silly audit   'util-deprecate': [ '1.0.2' ],
21 silly audit   utila: [ '0.4.0' ],
21 silly audit   'utils-merge': [ '1.0.1' ],
21 silly audit   uuid: [ '8.3.2' ],
21 silly audit   'v8-compile-cache-lib': [ '3.0.1' ],
21 silly audit   'v8-to-istanbul': [ '9.3.0' ],
21 silly audit   vary: [ '1.1.2' ],
21 silly audit   'void-elements': [ '3.1.0' ],
21 silly audit   'w3c-xmlserializer': [ '5.0.0' ],
21 silly audit   walker: [ '1.0.8' ],
21 silly audit   watchpack: [ '2.4.4' ],
21 silly audit   wbuf: [ '1.7.3' ],
21 silly audit   webpack: [ '5.103.0' ],
21 silly audit   'webpack-bundle-analyzer': [ '5.1.0' ],
21 silly audit   ws: [ '7.5.10', '8.18.3' ],
21 silly audit   'webpack-cli': [ '4.10.0' ],
21 silly audit   'webpack-dev-middleware': [ '5.3.4' ],
21 silly audit   'webpack-dev-server': [ '4.15.2' ],
21 silly audit   'webpack-merge': [ '5.10.0' ],
21 silly audit   'webpack-sources': [ '3.3.3' ],
21 silly audit   'websocket-driver': [ '0.7.4' ],
21 silly audit   'websocket-extensions': [ '0.1.4' ],
21 silly audit   'whatwg-encoding': [ '3.1.1' ],
21 silly audit   'whatwg-mimetype': [ '4.0.0' ],
21 silly audit   'which-boxed-primitive': [ '1.1.1' ],
21 silly audit   'which-builtin-type': [ '1.2.1' ],
21 silly audit   'which-collection': [ '1.0.2' ],
21 silly audit   'which-typed-array': [ '1.1.19' ],
21 silly audit   wildcard: [ '2.0.1' ],
21 silly audit   'word-wrap': [ '1.2.5' ],
21 silly audit   'worker-rpc': [ '0.1.1' ],
21 silly audit   wrappy: [ '1.0.2' ],
21 silly audit   'write-file-atomic': [ '5.0.1' ],
21 silly audit   'xml-name-validator': [ '5.0.0' ],
21 silly audit   xmlchars: [ '2.2.0' ],
21 silly audit   y18n: [ '5.0.8' ],
21 silly audit   yallist: [ '3.1.1' ],
21 silly audit   yargs: [ '17.7.2' ],
21 silly audit   'yargs-parser': [ '21.1.1' ],
21 silly audit   yn: [ '3.1.1' ],
21 silly audit   'regenerator-runtime': [ '0.13.9' ]
21 silly audit }
22 http cache regenerator-runtime@https://registry.npmjs.org/regenerator-runtime/-/regenerator-runtime-0.13.9.tgz 0ms (cache hit)
23 silly tarball no local data for regenerator-runtime@https://registry.npmjs.org/regenerator-runtime/-/regenerator-runtime-0.13.9.tgz. Extracting by manifest.
24 http fetch POST 200 https://registry.npmjs.org/-/npm/v1/security/advisories/bulk 282ms
25 silly audit report {
25 silly audit report   minimatch: [
25 silly audit report     {
25 silly audit report       id: 1096485,
25 silly audit report       url: 'https://github.com/advisories/GHSA-f8q6-p94x-37v3',
25 silly audit report       title: 'minimatch ReDoS vulnerability',
25 silly audit report       severity: 'high',
25 silly audit report       vulnerable_versions: '<3.0.5',
25 silly audit report       cwe: [Array],
25 silly audit report       cvss: [Object]
25 silly audit report     }
25 silly audit report   ],
25 silly audit report   'ansi-html': [
25 silly audit report     {
25 silly audit report       id: 1102319,
25 silly audit report       url: 'https://github.com/advisories/GHSA-whgm-jr23-g3j9',
25 silly audit report       title: 'Uncontrolled Resource Consumption in ansi-html',
25 silly audit report       severity: 'high',
25 silly audit report       vulnerable_versions: '<0.0.8',
25 silly audit report       cwe: [Array],
25 silly audit report       cvss: [Object]
25 silly audit report     }
25 silly audit report   ],
25 silly audit report   braces: [
25 silly audit report     {
25 silly audit report       id: 1098094,
25 silly audit report       url: 'https://github.com/advisories/GHSA-grv7-fg5c-xmjg',
25 silly audit report       title: 'Uncontrolled resource consumption in braces',
25 silly audit report       severity: 'high',
25 silly audit report       vulnerable_versions: '<3.0.3',
25 silly audit report       cwe: [Array],
25 silly audit report       cvss: [Object]
25 silly audit report     }
25 silly audit report   ],
25 silly audit report   browserslist: [
25 silly audit report     {
25 silly audit report       id: 1093035,
25 silly audit report       url: 'https://github.com/advisories/GHSA-w8qv-6jwh-64r5',
25 silly audit report       title: 'Regular Expression Denial of Service in browserslist',
25 silly audit report       severity: 'moderate',
25 silly audit report       vulnerable_versions: '>=4.0.0 <4.16.5',
25 silly audit report       cwe: [Array],
25 silly audit report       cvss: [Object]
25 silly audit report     }
25 silly audit report   ],
25 silly audit report   'cross-spawn': [
25 silly audit report     {
25 silly audit report       id: 1104663,
25 silly audit report       url: 'https://github.com/advisories/GHSA-3xgq-45jj-v275',
25 silly audit report       title: 'Regular Expression Denial of Service (ReDoS) in cross-spawn',
25 silly audit report       severity: 'high',
25 silly audit report       vulnerable_versions: '<6.0.6',
25 silly audit report       cwe: [Array],
25 silly audit report       cvss: [Object]
25 silly audit report     }
25 silly audit report   ],
25 silly audit report   micromatch: [
25 silly audit report     {
25 silly audit report       id: 1098681,
25 silly audit report       url: 'https://github.com/advisories/GHSA-952p-6rrq-rcjv',
25 silly audit report       title: 'Regular Expression Denial of Service (ReDoS) in micromatch',
25 silly audit report       severity: 'moderate',
25 silly audit report       vulnerable_versions: '<4.0.8',
25 silly audit report       cwe: [Array],
25 silly audit report       cvss: [Object]
25 silly audit report     }
25 silly audit report   ],
25 silly audit report   'loader-utils': [
25 silly audit report     {
25 silly audit report       id: 1109588,
25 silly audit report       url: 'https://github.com/advisories/GHSA-hhq3-ff78-jv3g',
25 silly audit report       title: 'loader-utils is vulnerable to Regular Expression Denial of Service (ReDoS)',
25 silly audit report       severity: 'high',
25 silly audit report       vulnerable_versions: '>=1.0.0 <1.4.2',
25 silly audit report       cwe: [Array],
25 silly audit report       cvss: [Object]
25 silly audit report     },
25 silly audit report     {
25 silly audit report       id: 1095055,
25 silly audit report       url: 'https://github.com/advisories/GHSA-3rfm-jhwj-7488',
25 silly audit report       title: 'loader-utils is vulnerable to Regular Expression Denial of Service (ReDoS) via url variable',
25 silly audit report       severity: 'high',
25 silly audit report       vulnerable_versions: '>=1.0.0 <1.4.2',
25 silly audit report       cwe: [Array],
25 silly audit report       cvss: [Object]
25 silly audit report     },
25 silly audit report     {
25 silly audit report       id: 1094088,
25 silly audit report       url: 'https://github.com/advisories/GHSA-76p3-8jx3-jpfq',
25 silly audit report       title: 'Prototype pollution in webpack loader-utils',
25 silly audit report       severity: 'critical',
25 silly audit report       vulnerable_versions: '<1.4.1',
25 silly audit report       cwe: [Array],
25 silly audit report       cvss: [Object]
25 silly audit report     }
25 silly audit report   ],
25 silly audit report   'node-forge': [
25 silly audit report     {
25 silly audit report       id: 1110996,
25 silly audit report       url: 'https://github.com/advisories/GHSA-554w-wpv2-vw27',
25 silly audit report       title: 'node-forge has ASN.1 Unbounded Recursion',
25 silly audit report       severity: 'high',
25 silly audit report       vulnerable_versions: '<1.3.2',
25 silly audit report       cwe: [Array],
25 silly audit report       cvss: [Object]
25 silly audit report     },
25 silly audit report     {
25 silly audit report       id: 1110998,
25 silly audit report       url: 'https://github.com/advisories/GHSA-5gfm-wpxj-wjgq',
25 silly audit report       title: 'node-forge has an Interpretation Conflict vulnerability via its ASN.1 Validator Desynchronization',
25 silly audit report       severity: 'high',
25 silly audit report       vulnerable_versions: '<1.3.2',
25 silly audit report       cwe: [Array],
25 silly audit report       cvss: [Object]
25 silly audit report     },
25 silly audit report     {
25 silly audit report       id: 1111068,
25 silly audit report       url: 'https://github.com/advisories/GHSA-65ch-62r8-g69g',
25 silly audit report       title: 'node-forge is vulnerable to ASN.1 OID Integer Truncation',
25 silly audit report       severity: 'moderate',
25 silly audit report       vulnerable_versions: '<1.3.2',
25 silly audit report       cwe: [Array],
25 silly audit report       cvss: [Object]
25 silly audit report     }
25 silly audit report   ],
25 silly audit report   'react-dev-utils': [
25 silly audit report     {
25 silly audit report       id: 1089062,
25 silly audit report       url: 'https://github.com/advisories/GHSA-5q6m-3h65-w53x',
25 silly audit report       title: 'react-dev-utils OS Command Injection in function `getProcessForPort`',
25 silly audit report       severity: 'moderate',
25 silly audit report       vulnerable_versions: '>=0.4.0 <11.0.4',
25 silly audit report       cwe: [Array],
25 silly audit report       cvss: [Object]
25 silly audit report     }
25 silly audit report   ],
25 silly audit report   'shell-quote': [
25 silly audit report     {
25 silly audit report       id: 1107366,
25 silly audit report       url: 'https://github.com/advisories/GHSA-g4rg-993r-mgx7',
25 silly audit report       title: 'Improper Neutralization of Special Elements used in a Command in Shell-quote',
25 silly audit report       severity: 'critical',
25 silly audit report       vulnerable_versions: '>=1.6.3 <=1.7.2',
25 silly audit report       cwe: [Array],
25 silly audit report       cvss: [Object]
25 silly audit report     }
25 silly audit report   ],
25 silly audit report   tmp: [
25 silly audit report     {
25 silly audit report       id: 1109537,
25 silly audit report       url: 'https://github.com/advisories/GHSA-52f5-9888-hmc6',
25 silly audit report       title: 'tmp allows arbitrary temporary file / directory write via symbolic link `dir` parameter',
25 silly audit report       severity: 'low',
25 silly audit report       vulnerable_versions: '<=0.2.3',
25 silly audit report       cwe: [Array],
25 silly audit report       cvss: [Object]
25 silly audit report     }
25 silly audit report   ],
25 silly audit report   'webpack-dev-server': [
25 silly audit report     {
25 silly audit report       id: 1108429,
25 silly audit report       url: 'https://github.com/advisories/GHSA-9jgg-88mc-972h',
25 silly audit report       title: "webpack-dev-server users' source code may be stolen when they access a malicious web site with non-Chromium based browser",
25 silly audit report       severity: 'moderate',
25 silly audit report       vulnerable_versions: '<=5.2.0',
25 silly audit report       cwe: [Array],
25 silly audit report       cvss: [Object]
25 silly audit report     },
25 silly audit report     {
25 silly audit report       id: 1108430,
25 silly audit report       url: 'https://github.com/advisories/GHSA-4v9v-hfq4-rm2v',
25 silly audit report       title: "webpack-dev-server users' source code may be stolen when they access a malicious web site",
25 silly audit report       severity: 'moderate',
25 silly audit report       vulnerable_versions: '<=5.2.0',
25 silly audit report       cwe: [Array],
25 silly audit report       cvss: [Object]
25 silly audit report     }
25 silly audit report   ]
25 silly audit report }
26 silly packumentCache corgi:https://registry.npmjs.org/minimatch cache-miss
27 silly packumentCache corgi:https://registry.npmjs.org/ansi-html cache-miss
28 silly packumentCache corgi:https://registry.npmjs.org/braces cache-miss
29 silly packumentCache corgi:https://registry.npmjs.org/browserslist cache-miss
30 silly packumentCache corgi:https://registry.npmjs.org/cross-spawn cache-miss
31 silly packumentCache corgi:https://registry.npmjs.org/micromatch cache-miss
32 silly packumentCache corgi:https://registry.npmjs.org/loader-utils cache-miss
33 silly packumentCache corgi:https://registry.npmjs.org/node-forge cache-miss
34 silly packumentCache corgi:https://registry.npmjs.org/react-dev-utils cache-miss
35 silly packumentCache corgi:https://registry.npmjs.org/shell-quote cache-miss
36 silly packumentCache corgi:https://registry.npmjs.org/tmp cache-miss
37 silly packumentCache corgi:https://registry.npmjs.org/webpack-dev-server cache-miss
38 http fetch GET 200 https://registry.npmjs.org/regenerator-runtime/-/regenerator-runtime-0.13.9.tgz 485ms (cache miss)
39 http fetch GET 200 https://registry.npmjs.org/braces 685ms (cache revalidated)
40 silly packumentCache corgi:https://registry.npmjs.org/braces set size:35919 disposed:false
41 http fetch GET 200 https://registry.npmjs.org/browserslist 993ms (cache revalidated)
42 silly packumentCache corgi:https://registry.npmjs.org/browserslist set size:269049 disposed:false
43 http fetch GET 200 https://registry.npmjs.org/node-forge 998ms (cache revalidated)
44 silly packumentCache corgi:https://registry.npmjs.org/node-forge set size:105368 disposed:false
45 http fetch GET 200 https://registry.npmjs.org/shell-quote 1056ms (cache revalidated)
46 silly packumentCache corgi:https://registry.npmjs.org/shell-quote set size:26548 disposed:false
47 http fetch GET 200 https://registry.npmjs.org/webpack-dev-server 1066ms (cache revalidated)
48 silly packumentCache corgi:https://registry.npmjs.org/webpack-dev-server set size:455204 disposed:false
49 http fetch GET 200 https://registry.npmjs.org/micromatch 1073ms (cache revalidated)
50 silly packumentCache corgi:https://registry.npmjs.org/micromatch set size:71776 disposed:false
51 http fetch GET 200 https://registry.npmjs.org/react-dev-utils 1078ms (cache revalidated)
52 silly packumentCache corgi:https://registry.npmjs.org/react-dev-utils set size:182128 disposed:false
53 http fetch GET 200 https://registry.npmjs.org/tmp 1079ms (cache revalidated)
54 silly packumentCache corgi:https://registry.npmjs.org/tmp set size:23979 disposed:false
55 http fetch GET 200 https://registry.npmjs.org/ansi-html 1083ms (cache revalidated)
56 silly packumentCache corgi:https://registry.npmjs.org/ansi-html set size:7543 disposed:false
57 http fetch GET 200 https://registry.npmjs.org/loader-utils 1082ms (cache revalidated)
58 silly packumentCache corgi:https://registry.npmjs.org/loader-utils set size:46537 disposed:false
59 http fetch GET 200 https://registry.npmjs.org/minimatch 1090ms (cache revalidated)
60 silly packumentCache corgi:https://registry.npmjs.org/minimatch set size:145311 disposed:false
61 http fetch GET 200 https://registry.npmjs.org/cross-spawn 1094ms (cache revalidated)
62 silly packumentCache corgi:https://registry.npmjs.org/cross-spawn set size:44626 disposed:false
63 silly packumentCache corgi:https://registry.npmjs.org/recursive-readdir cache-miss
64 http fetch GET 200 https://registry.npmjs.org/recursive-readdir 136ms (cache revalidated)
65 silly packumentCache corgi:https://registry.npmjs.org/recursive-readdir set size:10486 disposed:false
66 silly packumentCache corgi:https://registry.npmjs.org/react-refresh-webpack-plugin cache-miss
67 http fetch GET 200 https://registry.npmjs.org/react-refresh-webpack-plugin 275ms (cache revalidated)
68 silly packumentCache corgi:https://registry.npmjs.org/react-refresh-webpack-plugin set size:1930 disposed:false
69 silly packumentCache corgi:https://registry.npmjs.org/chokidar cache-miss
70 http fetch GET 200 https://registry.npmjs.org/chokidar 117ms (cache revalidated)
71 silly packumentCache corgi:https://registry.npmjs.org/chokidar set size:119454 disposed:false
72 silly packumentCache corgi:https://registry.npmjs.org/fast-glob cache-miss
73 silly packumentCache corgi:https://registry.npmjs.org/fork-ts-checker-webpack-plugin cache-miss
74 silly packumentCache corgi:https://registry.npmjs.org/anymatch cache-miss
75 silly packumentCache corgi:https://registry.npmjs.org/readdirp cache-miss
76 http fetch GET 200 https://registry.npmjs.org/fast-glob 104ms (cache revalidated)
77 silly packumentCache corgi:https://registry.npmjs.org/fast-glob set size:86036 disposed:false
78 http fetch GET 200 https://registry.npmjs.org/fork-ts-checker-webpack-plugin 115ms (cache revalidated)
79 silly packumentCache corgi:https://registry.npmjs.org/fork-ts-checker-webpack-plugin set size:592540 disposed:false
80 http fetch GET 200 https://registry.npmjs.org/anymatch 121ms (cache revalidated)
81 silly packumentCache corgi:https://registry.npmjs.org/anymatch set size:18345 disposed:false
82 http fetch GET 200 https://registry.npmjs.org/readdirp 123ms (cache revalidated)
83 silly packumentCache corgi:https://registry.npmjs.org/readdirp set size:47123 disposed:false
84 silly packumentCache corgi:https://registry.npmjs.org/selfsigned cache-miss
85 http fetch GET 200 https://registry.npmjs.org/selfsigned 291ms (cache revalidated)
86 silly packumentCache corgi:https://registry.npmjs.org/selfsigned set size:35696 disposed:false
87 silly packumentCache corgi:https://registry.npmjs.org/external-editor cache-miss
88 http fetch GET 200 https://registry.npmjs.org/external-editor 173ms (cache revalidated)
89 silly packumentCache corgi:https://registry.npmjs.org/external-editor set size:17808 disposed:false
90 silly packumentCache corgi:https://registry.npmjs.org/@types%2fwebpack-dev-server cache-miss
91 http fetch GET 200 https://registry.npmjs.org/@types%2fwebpack-dev-server 458ms (cache revalidated)
92 silly packumentCache corgi:https://registry.npmjs.org/@types%2fwebpack-dev-server set size:61517 disposed:false
93 silly packumentCache corgi:https://registry.npmjs.org/globby cache-miss
94 http fetch GET 200 https://registry.npmjs.org/globby 409ms (cache revalidated)
95 silly packumentCache corgi:https://registry.npmjs.org/globby set size:67761 disposed:false
96 silly packumentCache corgi:https://registry.npmjs.org/inquirer cache-miss
97 http fetch GET 200 https://registry.npmjs.org/inquirer 112ms (cache revalidated)
98 silly packumentCache corgi:https://registry.npmjs.org/inquirer set size:252639 disposed:false
99 silly ADD node_modules/regenerator-runtime
100 verbose cwd A:\1.JS\architectur\ulbi\project
101 verbose os Windows_NT 10.0.26100
102 verbose node v22.18.0
103 verbose npm  v11.6.0
104 verbose exit 0
105 info ok
